
*** Running vivado
    with args -log CPU.vds -m64 -product Vivado -mode batch -messageDb vivado.pb -notrace -source CPU.tcl



****** Vivado v2023.2 (64-bit)
  **** SW Build 4029153 on Fri Oct 13 20:14:34 MDT 2023
  **** IP Build 4028589 on Sat Oct 14 00:45:43 MDT 2023
  **** SharedData Build 4025554 on Tue Oct 10 17:18:54 MDT 2023
    ** Copyright 1986-2022 Xilinx, Inc. All Rights Reserved.
    ** Copyright 2022-2023 Advanced Micro Devices, Inc. All Rights Reserved.

Sourcing tcl script 'D:/Vivado/2023.2/scripts/Vivado_init.tcl'
139 Beta devices matching pattern found, 0 enabled.
enable_beta_device: Time (s): cpu = 00:00:18 ; elapsed = 00:00:25 . Memory (MB): peak = 533.082 ; gain = 158.547
source CPU.tcl -notrace
Command: synth_design -top CPU -part xa7a12tcpg238-2I
Starting synth_design
Attempting to get a license for feature 'Synthesis' and/or device 'xa7a12t'
INFO: [Common 17-349] Got license for feature 'Synthesis' and/or device 'xa7a12t'
INFO: [Synth 8-7079] Multithreading enabled for synth_design using a maximum of 2 processes.
INFO: [Synth 8-7078] Launching helper process for spawning children vivado processes
INFO: [Synth 8-7075] Helper process launched with PID 27592
---------------------------------------------------------------------------------
Starting Synthesize : Time (s): cpu = 00:00:13 ; elapsed = 00:00:23 . Memory (MB): peak = 1004.715 ; gain = 442.805
---------------------------------------------------------------------------------
INFO: [Synth 8-6157] synthesizing module 'CPU' [D:/Tasks/CPU/CPU.srcs/sources_1/new/CPU.sv:2]
CRITICAL WARNING: [Synth 8-4445] could not open $readmem data file 'memory.mem'; please make sure the file is added to project and has read permission, ignoring [D:/Tasks/CPU/CPU.srcs/sources_1/new/CPU.sv:27]
INFO: [Synth 8-155] case statement is not full and has no default [D:/Tasks/CPU/CPU.srcs/sources_1/new/CPU.sv:40]
INFO: [Synth 8-6155] done synthesizing module 'CPU' (0#1) [D:/Tasks/CPU/CPU.srcs/sources_1/new/CPU.sv:2]
WARNING: [Synth 8-7137] Register instruction_reg in module CPU has both Set and reset with same priority. This may cause simulation mismatches. Consider rewriting code  [D:/Tasks/CPU/CPU.srcs/sources_1/new/CPU.sv:71]
WARNING: [Synth 8-7137] Register operand_reg in module CPU has both Set and reset with same priority. This may cause simulation mismatches. Consider rewriting code  [D:/Tasks/CPU/CPU.srcs/sources_1/new/CPU.sv:74]
WARNING: [Synth 8-4767] Trying to implement RAM ' ' in registers. Block RAM or DRAM implementation is not possible; see log for reasons.
	1: Unable to determine number of words or word size in RAM. 
	2: No valid read/write found for RAM. 
RAM dissolved into registers
WARNING: [Synth 8-3848] Net memory in module/entity CPU does not have driver. [D:/Tasks/CPU/CPU.srcs/sources_1/new/CPU.sv:22]
WARNING: [Synth 8-3848] Net memory in module/entity CPU does not have driver. [D:/Tasks/CPU/CPU.srcs/sources_1/new/CPU.sv:22]
WARNING: [Synth 8-3848] Net memory in module/entity CPU does not have driver. [D:/Tasks/CPU/CPU.srcs/sources_1/new/CPU.sv:22]
WARNING: [Synth 8-3848] Net memory in module/entity CPU does not have driver. [D:/Tasks/CPU/CPU.srcs/sources_1/new/CPU.sv:22]
WARNING: [Synth 8-3848] Net memory in module/entity CPU does not have driver. [D:/Tasks/CPU/CPU.srcs/sources_1/new/CPU.sv:22]
WARNING: [Synth 8-3848] Net memory in module/entity CPU does not have driver. [D:/Tasks/CPU/CPU.srcs/sources_1/new/CPU.sv:22]
WARNING: [Synth 8-3848] Net memory in module/entity CPU does not have driver. [D:/Tasks/CPU/CPU.srcs/sources_1/new/CPU.sv:22]
WARNING: [Synth 8-3848] Net memory in module/entity CPU does not have driver. [D:/Tasks/CPU/CPU.srcs/sources_1/new/CPU.sv:22]
WARNING: [Synth 8-3848] Net memory in module/entity CPU does not have driver. [D:/Tasks/CPU/CPU.srcs/sources_1/new/CPU.sv:22]
WARNING: [Synth 8-3848] Net memory in module/entity CPU does not have driver. [D:/Tasks/CPU/CPU.srcs/sources_1/new/CPU.sv:22]
WARNING: [Synth 8-3848] Net memory in module/entity CPU does not have driver. [D:/Tasks/CPU/CPU.srcs/sources_1/new/CPU.sv:22]
WARNING: [Synth 8-3848] Net memory in module/entity CPU does not have driver. [D:/Tasks/CPU/CPU.srcs/sources_1/new/CPU.sv:22]
WARNING: [Synth 8-3848] Net memory in module/entity CPU does not have driver. [D:/Tasks/CPU/CPU.srcs/sources_1/new/CPU.sv:22]
WARNING: [Synth 8-3848] Net memory in module/entity CPU does not have driver. [D:/Tasks/CPU/CPU.srcs/sources_1/new/CPU.sv:22]
WARNING: [Synth 8-3848] Net memory in module/entity CPU does not have driver. [D:/Tasks/CPU/CPU.srcs/sources_1/new/CPU.sv:22]
WARNING: [Synth 8-3848] Net memory in module/entity CPU does not have driver. [D:/Tasks/CPU/CPU.srcs/sources_1/new/CPU.sv:22]
WARNING: [Synth 8-3848] Net memory in module/entity CPU does not have driver. [D:/Tasks/CPU/CPU.srcs/sources_1/new/CPU.sv:22]
WARNING: [Synth 8-3848] Net memory in module/entity CPU does not have driver. [D:/Tasks/CPU/CPU.srcs/sources_1/new/CPU.sv:22]
WARNING: [Synth 8-3848] Net memory in module/entity CPU does not have driver. [D:/Tasks/CPU/CPU.srcs/sources_1/new/CPU.sv:22]
WARNING: [Synth 8-3848] Net memory in module/entity CPU does not have driver. [D:/Tasks/CPU/CPU.srcs/sources_1/new/CPU.sv:22]
WARNING: [Synth 8-3848] Net memory in module/entity CPU does not have driver. [D:/Tasks/CPU/CPU.srcs/sources_1/new/CPU.sv:22]
WARNING: [Synth 8-3848] Net memory in module/entity CPU does not have driver. [D:/Tasks/CPU/CPU.srcs/sources_1/new/CPU.sv:22]
WARNING: [Synth 8-3848] Net memory in module/entity CPU does not have driver. [D:/Tasks/CPU/CPU.srcs/sources_1/new/CPU.sv:22]
WARNING: [Synth 8-3848] Net memory in module/entity CPU does not have driver. [D:/Tasks/CPU/CPU.srcs/sources_1/new/CPU.sv:22]
WARNING: [Synth 8-3848] Net memory in module/entity CPU does not have driver. [D:/Tasks/CPU/CPU.srcs/sources_1/new/CPU.sv:22]
WARNING: [Synth 8-3848] Net memory in module/entity CPU does not have driver. [D:/Tasks/CPU/CPU.srcs/sources_1/new/CPU.sv:22]
WARNING: [Synth 8-3848] Net memory in module/entity CPU does not have driver. [D:/Tasks/CPU/CPU.srcs/sources_1/new/CPU.sv:22]
WARNING: [Synth 8-3848] Net memory in module/entity CPU does not have driver. [D:/Tasks/CPU/CPU.srcs/sources_1/new/CPU.sv:22]
WARNING: [Synth 8-3848] Net memory in module/entity CPU does not have driver. [D:/Tasks/CPU/CPU.srcs/sources_1/new/CPU.sv:22]
WARNING: [Synth 8-3848] Net memory in module/entity CPU does not have driver. [D:/Tasks/CPU/CPU.srcs/sources_1/new/CPU.sv:22]
WARNING: [Synth 8-3848] Net memory in module/entity CPU does not have driver. [D:/Tasks/CPU/CPU.srcs/sources_1/new/CPU.sv:22]
WARNING: [Synth 8-3848] Net memory in module/entity CPU does not have driver. [D:/Tasks/CPU/CPU.srcs/sources_1/new/CPU.sv:22]
WARNING: [Synth 8-3848] Net memory in module/entity CPU does not have driver. [D:/Tasks/CPU/CPU.srcs/sources_1/new/CPU.sv:22]
WARNING: [Synth 8-3848] Net memory in module/entity CPU does not have driver. [D:/Tasks/CPU/CPU.srcs/sources_1/new/CPU.sv:22]
WARNING: [Synth 8-3848] Net memory in module/entity CPU does not have driver. [D:/Tasks/CPU/CPU.srcs/sources_1/new/CPU.sv:22]
WARNING: [Synth 8-3848] Net memory in module/entity CPU does not have driver. [D:/Tasks/CPU/CPU.srcs/sources_1/new/CPU.sv:22]
WARNING: [Synth 8-3848] Net memory in module/entity CPU does not have driver. [D:/Tasks/CPU/CPU.srcs/sources_1/new/CPU.sv:22]
WARNING: [Synth 8-3848] Net memory in module/entity CPU does not have driver. [D:/Tasks/CPU/CPU.srcs/sources_1/new/CPU.sv:22]
WARNING: [Synth 8-3848] Net memory in module/entity CPU does not have driver. [D:/Tasks/CPU/CPU.srcs/sources_1/new/CPU.sv:22]
WARNING: [Synth 8-3848] Net memory in module/entity CPU does not have driver. [D:/Tasks/CPU/CPU.srcs/sources_1/new/CPU.sv:22]
WARNING: [Synth 8-3848] Net memory in module/entity CPU does not have driver. [D:/Tasks/CPU/CPU.srcs/sources_1/new/CPU.sv:22]
WARNING: [Synth 8-3848] Net memory in module/entity CPU does not have driver. [D:/Tasks/CPU/CPU.srcs/sources_1/new/CPU.sv:22]
WARNING: [Synth 8-3848] Net memory in module/entity CPU does not have driver. [D:/Tasks/CPU/CPU.srcs/sources_1/new/CPU.sv:22]
WARNING: [Synth 8-3848] Net memory in module/entity CPU does not have driver. [D:/Tasks/CPU/CPU.srcs/sources_1/new/CPU.sv:22]
WARNING: [Synth 8-3848] Net memory in module/entity CPU does not have driver. [D:/Tasks/CPU/CPU.srcs/sources_1/new/CPU.sv:22]
WARNING: [Synth 8-3848] Net memory in module/entity CPU does not have driver. [D:/Tasks/CPU/CPU.srcs/sources_1/new/CPU.sv:22]
WARNING: [Synth 8-3848] Net memory in module/entity CPU does not have driver. [D:/Tasks/CPU/CPU.srcs/sources_1/new/CPU.sv:22]
WARNING: [Synth 8-3848] Net memory in module/entity CPU does not have driver. [D:/Tasks/CPU/CPU.srcs/sources_1/new/CPU.sv:22]
WARNING: [Synth 8-3848] Net memory in module/entity CPU does not have driver. [D:/Tasks/CPU/CPU.srcs/sources_1/new/CPU.sv:22]
WARNING: [Synth 8-3848] Net memory in module/entity CPU does not have driver. [D:/Tasks/CPU/CPU.srcs/sources_1/new/CPU.sv:22]
WARNING: [Synth 8-3848] Net memory in module/entity CPU does not have driver. [D:/Tasks/CPU/CPU.srcs/sources_1/new/CPU.sv:22]
WARNING: [Synth 8-3848] Net memory in module/entity CPU does not have driver. [D:/Tasks/CPU/CPU.srcs/sources_1/new/CPU.sv:22]
WARNING: [Synth 8-3848] Net memory in module/entity CPU does not have driver. [D:/Tasks/CPU/CPU.srcs/sources_1/new/CPU.sv:22]
WARNING: [Synth 8-3848] Net memory in module/entity CPU does not have driver. [D:/Tasks/CPU/CPU.srcs/sources_1/new/CPU.sv:22]
WARNING: [Synth 8-3848] Net memory in module/entity CPU does not have driver. [D:/Tasks/CPU/CPU.srcs/sources_1/new/CPU.sv:22]
WARNING: [Synth 8-3848] Net memory in module/entity CPU does not have driver. [D:/Tasks/CPU/CPU.srcs/sources_1/new/CPU.sv:22]
WARNING: [Synth 8-3848] Net memory in module/entity CPU does not have driver. [D:/Tasks/CPU/CPU.srcs/sources_1/new/CPU.sv:22]
WARNING: [Synth 8-3848] Net memory in module/entity CPU does not have driver. [D:/Tasks/CPU/CPU.srcs/sources_1/new/CPU.sv:22]
WARNING: [Synth 8-3848] Net memory in module/entity CPU does not have driver. [D:/Tasks/CPU/CPU.srcs/sources_1/new/CPU.sv:22]
WARNING: [Synth 8-3848] Net memory in module/entity CPU does not have driver. [D:/Tasks/CPU/CPU.srcs/sources_1/new/CPU.sv:22]
WARNING: [Synth 8-3848] Net memory in module/entity CPU does not have driver. [D:/Tasks/CPU/CPU.srcs/sources_1/new/CPU.sv:22]
WARNING: [Synth 8-3848] Net memory in module/entity CPU does not have driver. [D:/Tasks/CPU/CPU.srcs/sources_1/new/CPU.sv:22]
WARNING: [Synth 8-3848] Net memory in module/entity CPU does not have driver. [D:/Tasks/CPU/CPU.srcs/sources_1/new/CPU.sv:22]
WARNING: [Synth 8-3848] Net memory in module/entity CPU does not have driver. [D:/Tasks/CPU/CPU.srcs/sources_1/new/CPU.sv:22]
WARNING: [Synth 8-3848] Net memory in module/entity CPU does not have driver. [D:/Tasks/CPU/CPU.srcs/sources_1/new/CPU.sv:22]
WARNING: [Synth 8-3848] Net memory in module/entity CPU does not have driver. [D:/Tasks/CPU/CPU.srcs/sources_1/new/CPU.sv:22]
WARNING: [Synth 8-3848] Net memory in module/entity CPU does not have driver. [D:/Tasks/CPU/CPU.srcs/sources_1/new/CPU.sv:22]
WARNING: [Synth 8-3848] Net memory in module/entity CPU does not have driver. [D:/Tasks/CPU/CPU.srcs/sources_1/new/CPU.sv:22]
WARNING: [Synth 8-3848] Net memory in module/entity CPU does not have driver. [D:/Tasks/CPU/CPU.srcs/sources_1/new/CPU.sv:22]
WARNING: [Synth 8-3848] Net memory in module/entity CPU does not have driver. [D:/Tasks/CPU/CPU.srcs/sources_1/new/CPU.sv:22]
WARNING: [Synth 8-3848] Net memory in module/entity CPU does not have driver. [D:/Tasks/CPU/CPU.srcs/sources_1/new/CPU.sv:22]
WARNING: [Synth 8-3848] Net memory in module/entity CPU does not have driver. [D:/Tasks/CPU/CPU.srcs/sources_1/new/CPU.sv:22]
WARNING: [Synth 8-3848] Net memory in module/entity CPU does not have driver. [D:/Tasks/CPU/CPU.srcs/sources_1/new/CPU.sv:22]
WARNING: [Synth 8-3848] Net memory in module/entity CPU does not have driver. [D:/Tasks/CPU/CPU.srcs/sources_1/new/CPU.sv:22]
WARNING: [Synth 8-3848] Net memory in module/entity CPU does not have driver. [D:/Tasks/CPU/CPU.srcs/sources_1/new/CPU.sv:22]
WARNING: [Synth 8-3848] Net memory in module/entity CPU does not have driver. [D:/Tasks/CPU/CPU.srcs/sources_1/new/CPU.sv:22]
WARNING: [Synth 8-3848] Net memory in module/entity CPU does not have driver. [D:/Tasks/CPU/CPU.srcs/sources_1/new/CPU.sv:22]
WARNING: [Synth 8-3848] Net memory in module/entity CPU does not have driver. [D:/Tasks/CPU/CPU.srcs/sources_1/new/CPU.sv:22]
WARNING: [Synth 8-3848] Net memory in module/entity CPU does not have driver. [D:/Tasks/CPU/CPU.srcs/sources_1/new/CPU.sv:22]
WARNING: [Synth 8-3848] Net memory in module/entity CPU does not have driver. [D:/Tasks/CPU/CPU.srcs/sources_1/new/CPU.sv:22]
WARNING: [Synth 8-3848] Net memory in module/entity CPU does not have driver. [D:/Tasks/CPU/CPU.srcs/sources_1/new/CPU.sv:22]
WARNING: [Synth 8-3848] Net memory in module/entity CPU does not have driver. [D:/Tasks/CPU/CPU.srcs/sources_1/new/CPU.sv:22]
WARNING: [Synth 8-3848] Net memory in module/entity CPU does not have driver. [D:/Tasks/CPU/CPU.srcs/sources_1/new/CPU.sv:22]
WARNING: [Synth 8-3848] Net memory in module/entity CPU does not have driver. [D:/Tasks/CPU/CPU.srcs/sources_1/new/CPU.sv:22]
WARNING: [Synth 8-3848] Net memory in module/entity CPU does not have driver. [D:/Tasks/CPU/CPU.srcs/sources_1/new/CPU.sv:22]
WARNING: [Synth 8-3848] Net memory in module/entity CPU does not have driver. [D:/Tasks/CPU/CPU.srcs/sources_1/new/CPU.sv:22]
WARNING: [Synth 8-3848] Net memory in module/entity CPU does not have driver. [D:/Tasks/CPU/CPU.srcs/sources_1/new/CPU.sv:22]
WARNING: [Synth 8-3848] Net memory in module/entity CPU does not have driver. [D:/Tasks/CPU/CPU.srcs/sources_1/new/CPU.sv:22]
WARNING: [Synth 8-3848] Net memory in module/entity CPU does not have driver. [D:/Tasks/CPU/CPU.srcs/sources_1/new/CPU.sv:22]
WARNING: [Synth 8-3848] Net memory in module/entity CPU does not have driver. [D:/Tasks/CPU/CPU.srcs/sources_1/new/CPU.sv:22]
WARNING: [Synth 8-3848] Net memory in module/entity CPU does not have driver. [D:/Tasks/CPU/CPU.srcs/sources_1/new/CPU.sv:22]
WARNING: [Synth 8-3848] Net memory in module/entity CPU does not have driver. [D:/Tasks/CPU/CPU.srcs/sources_1/new/CPU.sv:22]
WARNING: [Synth 8-3848] Net memory in module/entity CPU does not have driver. [D:/Tasks/CPU/CPU.srcs/sources_1/new/CPU.sv:22]
WARNING: [Synth 8-3848] Net memory in module/entity CPU does not have driver. [D:/Tasks/CPU/CPU.srcs/sources_1/new/CPU.sv:22]
WARNING: [Synth 8-3848] Net memory in module/entity CPU does not have driver. [D:/Tasks/CPU/CPU.srcs/sources_1/new/CPU.sv:22]
WARNING: [Synth 8-3848] Net memory in module/entity CPU does not have driver. [D:/Tasks/CPU/CPU.srcs/sources_1/new/CPU.sv:22]
WARNING: [Synth 8-3848] Net memory in module/entity CPU does not have driver. [D:/Tasks/CPU/CPU.srcs/sources_1/new/CPU.sv:22]
WARNING: [Synth 8-3848] Net memory in module/entity CPU does not have driver. [D:/Tasks/CPU/CPU.srcs/sources_1/new/CPU.sv:22]
WARNING: [Synth 8-3848] Net memory in module/entity CPU does not have driver. [D:/Tasks/CPU/CPU.srcs/sources_1/new/CPU.sv:22]
WARNING: [Synth 8-3848] Net memory in module/entity CPU does not have driver. [D:/Tasks/CPU/CPU.srcs/sources_1/new/CPU.sv:22]
INFO: [Common 17-14] Message 'Synth 8-3848' appears 100 times and further instances of the messages will be disabled. Use the Tcl command set_msg_config to change the current settings.
---------------------------------------------------------------------------------
Finished Synthesize : Time (s): cpu = 00:00:22 ; elapsed = 00:00:44 . Memory (MB): peak = 1165.047 ; gain = 603.137
---------------------------------------------------------------------------------
---------------------------------------------------------------------------------
Finished Constraint Validation : Time (s): cpu = 00:00:23 ; elapsed = 00:00:46 . Memory (MB): peak = 1165.047 ; gain = 603.137
---------------------------------------------------------------------------------
---------------------------------------------------------------------------------
Start Loading Part and Timing Information
---------------------------------------------------------------------------------
Loading part: xa7a12tcpg238-2I
---------------------------------------------------------------------------------
Finished Loading Part and Timing Information : Time (s): cpu = 00:00:23 ; elapsed = 00:00:46 . Memory (MB): peak = 1165.047 ; gain = 603.137
---------------------------------------------------------------------------------
INFO: [Device 21-403] Loading part xa7a12tcpg238-2I
---------------------------------------------------------------------------------
Finished RTL Optimization Phase 2 : Time (s): cpu = 00:00:36 ; elapsed = 00:00:56 . Memory (MB): peak = 1165.047 ; gain = 603.137
---------------------------------------------------------------------------------
No constraint files found.
---------------------------------------------------------------------------------
Start RTL Component Statistics 
---------------------------------------------------------------------------------
Detailed RTL Component Info : 
+---Adders : 
	   2 Input   32 Bit       Adders := 1     
	   2 Input    8 Bit       Adders := 1     
+---Registers : 
	               32 Bit    Registers := 2     
	                3 Bit    Registers := 1     
	                1 Bit    Registers := 1     
+---Multipliers : 
	               8x32  Multipliers := 1     
+---Muxes : 
	   2 Input   32 Bit        Muxes := 2     
	 254 Input    8 Bit        Muxes := 1     
	   2 Input    3 Bit        Muxes := 1     
	   6 Input    3 Bit        Muxes := 1     
	   2 Input    2 Bit        Muxes := 1     
	   3 Input    2 Bit        Muxes := 1     
	   2 Input    1 Bit        Muxes := 7     
	   3 Input    1 Bit        Muxes := 1     
---------------------------------------------------------------------------------
Finished RTL Component Statistics 
---------------------------------------------------------------------------------
---------------------------------------------------------------------------------
Start Part Resource Summary
---------------------------------------------------------------------------------
Part Resources:
DSPs: 40 (col length:40)
BRAMs: 40 (col length: RAMB18 40 RAMB36 20)
---------------------------------------------------------------------------------
Finished Part Resource Summary
---------------------------------------------------------------------------------
No constraint files found.
---------------------------------------------------------------------------------
Start Cross Boundary and Area Optimization
---------------------------------------------------------------------------------
WARNING: [Synth 8-7080] Parallel synthesis criteria is not met
DSP Report: Generating DSP accumulator0, operation Mode is: A*B.
DSP Report: operator accumulator0 is absorbed into DSP accumulator0.
DSP Report: operator accumulator0 is absorbed into DSP accumulator0.
DSP Report: Generating DSP accumulator0, operation Mode is: (PCIN>>17)+A*B.
DSP Report: operator accumulator0 is absorbed into DSP accumulator0.
DSP Report: operator accumulator0 is absorbed into DSP accumulator0.
---------------------------------------------------------------------------------
Finished Cross Boundary and Area Optimization : Time (s): cpu = 00:00:54 ; elapsed = 00:01:23 . Memory (MB): peak = 1301.738 ; gain = 739.828
---------------------------------------------------------------------------------
 Sort Area is  accumulator0_0 : 0 0 : 1623 3199 : Used 1 time 0
 Sort Area is  accumulator0_0 : 0 1 : 1576 3199 : Used 1 time 0
---------------------------------------------------------------------------------
Start ROM, RAM, DSP, Shift Register and Retiming Reporting
---------------------------------------------------------------------------------

DSP: Preliminary Mapping Report (see note below. The ' indicates corresponding REG is set)
+------------+----------------+--------+--------+--------+--------+--------+------+------+------+------+-------+------+------+
|Module Name | DSP Mapping    | A Size | B Size | C Size | D Size | P Size | AREG | BREG | CREG | DREG | ADREG | MREG | PREG | 
+------------+----------------+--------+--------+--------+--------+--------+------+------+------+------+-------+------+------+
|CPU         | A*B            | 18     | 9      | -      | -      | 48     | 0    | 0    | -    | -    | -     | 0    | 0    | 
|CPU         | (PCIN>>17)+A*B | 16     | 9      | -      | -      | 48     | 0    | 0    | -    | -    | -     | 0    | 0    | 
+------------+----------------+--------+--------+--------+--------+--------+------+------+------+------+-------+------+------+

Note: The table above is a preliminary report that shows the DSPs inferred at the current stage of the synthesis flow. Some DSP may be reimplemented as non DSP primitives later in the synthesis flow. Multiple instantiated DSPs are reported only once.
---------------------------------------------------------------------------------
Finished ROM, RAM, DSP, Shift Register and Retiming Reporting
---------------------------------------------------------------------------------
No constraint files found.
---------------------------------------------------------------------------------
Start Timing Optimization
---------------------------------------------------------------------------------
---------------------------------------------------------------------------------
Finished Timing Optimization : Time (s): cpu = 00:00:55 ; elapsed = 00:01:23 . Memory (MB): peak = 1306.621 ; gain = 744.711
---------------------------------------------------------------------------------
---------------------------------------------------------------------------------
Start Technology Mapping
---------------------------------------------------------------------------------
---------------------------------------------------------------------------------
Finished Technology Mapping : Time (s): cpu = 00:00:55 ; elapsed = 00:01:23 . Memory (MB): peak = 1306.621 ; gain = 744.711
---------------------------------------------------------------------------------
---------------------------------------------------------------------------------
Start IO Insertion
---------------------------------------------------------------------------------
---------------------------------------------------------------------------------
Start Flattening Before IO Insertion
---------------------------------------------------------------------------------
---------------------------------------------------------------------------------
Finished Flattening Before IO Insertion
---------------------------------------------------------------------------------
---------------------------------------------------------------------------------
Start Final Netlist Cleanup
---------------------------------------------------------------------------------
---------------------------------------------------------------------------------
Finished Final Netlist Cleanup
---------------------------------------------------------------------------------
---------------------------------------------------------------------------------
Finished IO Insertion : Time (s): cpu = 00:01:07 ; elapsed = 00:01:41 . Memory (MB): peak = 1306.633 ; gain = 744.723
---------------------------------------------------------------------------------
---------------------------------------------------------------------------------
Start Renaming Generated Instances
---------------------------------------------------------------------------------
---------------------------------------------------------------------------------
Finished Renaming Generated Instances : Time (s): cpu = 00:01:07 ; elapsed = 00:01:41 . Memory (MB): peak = 1306.633 ; gain = 744.723
---------------------------------------------------------------------------------
---------------------------------------------------------------------------------
Start Rebuilding User Hierarchy
---------------------------------------------------------------------------------
---------------------------------------------------------------------------------
Finished Rebuilding User Hierarchy : Time (s): cpu = 00:01:07 ; elapsed = 00:01:41 . Memory (MB): peak = 1306.633 ; gain = 744.723
---------------------------------------------------------------------------------
---------------------------------------------------------------------------------
Start Renaming Generated Ports
---------------------------------------------------------------------------------
---------------------------------------------------------------------------------
Finished Renaming Generated Ports : Time (s): cpu = 00:01:07 ; elapsed = 00:01:41 . Memory (MB): peak = 1306.633 ; gain = 744.723
---------------------------------------------------------------------------------
---------------------------------------------------------------------------------
Start Handling Custom Attributes
---------------------------------------------------------------------------------
---------------------------------------------------------------------------------
Finished Handling Custom Attributes : Time (s): cpu = 00:01:07 ; elapsed = 00:01:41 . Memory (MB): peak = 1306.633 ; gain = 744.723
---------------------------------------------------------------------------------
---------------------------------------------------------------------------------
Start Renaming Generated Nets
---------------------------------------------------------------------------------
---------------------------------------------------------------------------------
Finished Renaming Generated Nets : Time (s): cpu = 00:01:07 ; elapsed = 00:01:41 . Memory (MB): peak = 1306.633 ; gain = 744.723
---------------------------------------------------------------------------------
---------------------------------------------------------------------------------
Start Writing Synthesis Report
---------------------------------------------------------------------------------

Report BlackBoxes: 
+-+--------------+----------+
| |BlackBox name |Instances |
+-+--------------+----------+
+-+--------------+----------+

Report Cell Usage: 
+------+-----+------+
|      |Cell |Count |
+------+-----+------+
|1     |BUFG |     1|
|2     |LUT3 |     3|
|3     |LUT4 |     1|
|4     |FDCE |     4|
|5     |IBUF |     2|
|6     |OBUF |    33|
+------+-----+------+

Report Instance Areas: 
+------+---------+-------+------+
|      |Instance |Module |Cells |
+------+---------+-------+------+
|1     |top      |       |    44|
+------+---------+-------+------+
---------------------------------------------------------------------------------
Finished Writing Synthesis Report : Time (s): cpu = 00:01:07 ; elapsed = 00:01:41 . Memory (MB): peak = 1306.633 ; gain = 744.723
---------------------------------------------------------------------------------
Synthesis finished with 0 errors, 1 critical warnings and 260 warnings.
Synthesis Optimization Runtime : Time (s): cpu = 00:01:07 ; elapsed = 00:01:41 . Memory (MB): peak = 1306.633 ; gain = 744.723
Synthesis Optimization Complete : Time (s): cpu = 00:01:07 ; elapsed = 00:01:41 . Memory (MB): peak = 1306.633 ; gain = 744.723
INFO: [Project 1-571] Translating synthesized netlist
Netlist sorting complete. Time (s): cpu = 00:00:00 ; elapsed = 00:00:00.023 . Memory (MB): peak = 1319.684 ; gain = 0.000
INFO: [Project 1-570] Preparing netlist for logic optimization
INFO: [Opt 31-138] Pushed 0 inverter(s) to 0 load pin(s).
Netlist sorting complete. Time (s): cpu = 00:00:00 ; elapsed = 00:00:00 . Memory (MB): peak = 1403.762 ; gain = 0.000
INFO: [Project 1-111] Unisim Transformation Summary:
No Unisim elements were transformed.

Системе не удается найти указанный путь.
Synth Design complete | Checksum: d1bd953
INFO: [Common 17-83] Releasing license: Synthesis
14 Infos, 104 Warnings, 1 Critical Warnings and 0 Errors encountered.
synth_design completed successfully
synth_design: Time (s): cpu = 00:01:13 ; elapsed = 00:01:58 . Memory (MB): peak = 1403.762 ; gain = 845.770
INFO: [runtcl-6] Synthesis results are not added to the cache due to CRITICAL_WARNING
Write ShapeDB Complete: Time (s): cpu = 00:00:00 ; elapsed = 00:00:00.117 . Memory (MB): peak = 1403.762 ; gain = 0.000
INFO: [Common 17-1381] The checkpoint 'D:/Tasks/CPU/CPU.runs/synth_1/CPU.dcp' has been generated.
INFO: [runtcl-4] Executing : report_utilization -file CPU_utilization_synth.rpt -pb CPU_utilization_synth.pb
INFO: [Common 17-206] Exiting Vivado at Sun May 26 20:44:48 2024...
